<?xml version="1.0" encoding="UTF-8"?>
<testng-results ignored="0" total="1" passed="1" failed="0" skipped="0">
  <reporter-output>
  </reporter-output>
  <suite started-at="2023-07-05T12:44:18 IST" name="Suite" finished-at="2023-07-05T12:44:27 IST" duration-ms="9220">
    <groups>
    </groups>
    <test started-at="2023-07-05T12:44:18 IST" name="Test" finished-at="2023-07-05T12:44:27 IST" duration-ms="9220">
      <class name="loginPage.submitLogin">
        <test-method signature="run()[pri:0, instance:loginPage.submitLogin@4bb33f74]" started-at="2023-07-05T12:44:18 IST" name="run" finished-at="2023-07-05T12:44:27 IST" duration-ms="9163" status="PASS">
          <reporter-output>
          </reporter-output>
        </test-method> <!-- run -->
      </class> <!-- loginPage.submitLogin -->
    </test> <!-- Test -->
  </suite> <!-- Suite -->
</testng-results>
