<?xml version="1.0" encoding="UTF-8"?>
<testng-results ignored="0" total="2" passed="2" failed="0" skipped="0">
  <reporter-output>
  </reporter-output>
  <suite started-at="2023-07-05T18:34:48 IST" name="Suite" finished-at="2023-07-05T18:34:55 IST" duration-ms="6377">
    <groups>
    </groups>
    <test started-at="2023-07-05T18:34:48 IST" name="Test" finished-at="2023-07-05T18:34:55 IST" duration-ms="6377">
      <class name="loginPage.submitLogin">
        <test-method signature="error()[pri:0, instance:loginPage.submitLogin@566d0c69]" started-at="2023-07-05T18:34:48 IST" name="error" finished-at="2023-07-05T18:34:54 IST" duration-ms="5498" status="PASS">
          <reporter-output>
          </reporter-output>
        </test-method> <!-- error -->
        <test-method signature="run()[pri:0, instance:loginPage.submitLogin@566d0c69]" started-at="2023-07-05T18:34:54 IST" name="run" finished-at="2023-07-05T18:34:55 IST" duration-ms="818" status="PASS">
          <reporter-output>
          </reporter-output>
        </test-method> <!-- run -->
      </class> <!-- loginPage.submitLogin -->
    </test> <!-- Test -->
  </suite> <!-- Suite -->
</testng-results>
